C:\Program Files\Microsoft Visual Studio\2022\Community\MSBuild\Microsoft\VC\v170\Microsoft.CppBuild.targets(524,5): warning MSB8004: Output Directory does not end with a trailing slash.  This build instance will add the slash as it is required to allow proper evaluation of the Output Directory.
C:\Program Files\Microsoft Visual Studio\2022\Community\MSBuild\Microsoft\VC\v170\Microsoft.CppBuild.targets(538,5): warning MSB8028: The intermediate directory (x64\Debug\) contains files shared from another project (Task2.vcxproj).  This can lead to incorrect clean and rebuild behavior.
  main.cpp
C:\GithubRepositories\ELEC4622_Work\Projects\Project1\Project1_Solutoin\Task2\SincWindowedLut.h(7,33): warning C4305: 'initializing': truncation from 'double' to 'const float'
  (compiling source file 'main.cpp')
  
C:\GithubRepositories\ELEC4622_Work\Projects\Project1\Project1_Solutoin\Task2\SincWindowedLut.h(7,42): warning C4305: 'initializing': truncation from 'double' to 'const float'
  (compiling source file 'main.cpp')
  
C:\GithubRepositories\ELEC4622_Work\Projects\Project1\Project1_Solutoin\Task2\SincWindowedLut.h(7,60): warning C4305: 'initializing': truncation from 'double' to 'const float'
  (compiling source file 'main.cpp')
  
C:\GithubRepositories\ELEC4622_Work\Projects\Project1\Project1_Solutoin\Task2\SincWindowedLut.h(7,70): warning C4305: 'initializing': truncation from 'double' to 'const float'
  (compiling source file 'main.cpp')
  
C:\GithubRepositories\ELEC4622_Work\Projects\Project1\Project1_Solutoin\Task2\SincWindowedLut.h(7,90): warning C4305: 'initializing': truncation from 'double' to 'const float'
  (compiling source file 'main.cpp')
  
C:\GithubRepositories\ELEC4622_Work\Projects\Project1\Project1_Solutoin\Task2\SincWindowedLut.h(7,99): warning C4305: 'initializing': truncation from 'double' to 'const float'
  (compiling source file 'main.cpp')
  
C:\GithubRepositories\ELEC4622_Work\Projects\Project1\Project1_Solutoin\Task2\SincWindowedLut.h(7,117): warning C4305: 'initializing': truncation from 'double' to 'const float'
  (compiling source file 'main.cpp')
  
C:\GithubRepositories\ELEC4622_Work\Projects\Project1\Project1_Solutoin\Task2\SincWindowedLut.h(7,127): warning C4305: 'initializing': truncation from 'double' to 'const float'
  (compiling source file 'main.cpp')
  
C:\GithubRepositories\ELEC4622_Work\Projects\Project1\Project1_Solutoin\Task2\SincWindowedLut.h(7,147): warning C4305: 'initializing': truncation from 'double' to 'const float'
  (compiling source file 'main.cpp')
  
C:\GithubRepositories\ELEC4622_Work\Projects\Project1\Project1_Solutoin\Task2\SincWindowedLut.h(7,156): warning C4305: 'initializing': truncation from 'double' to 'const float'
  (compiling source file 'main.cpp')
  
C:\GithubRepositories\ELEC4622_Work\Projects\Project1\Project1_Solutoin\Task2\SincWindowedLut.h(7,165): warning C4305: 'initializing': truncation from 'double' to 'const float'
  (compiling source file 'main.cpp')
  
C:\GithubRepositories\ELEC4622_Work\Projects\Project1\Project1_Solutoin\Task2\SincWindowedLut.h(7,174): warning C4305: 'initializing': truncation from 'double' to 'const float'
  (compiling source file 'main.cpp')
  
C:\GithubRepositories\ELEC4622_Work\Projects\Project1\Project1_Solutoin\Task2\SincWindowedLut.h(7,183): warning C4305: 'initializing': truncation from 'double' to 'const float'
  (compiling source file 'main.cpp')
  
C:\GithubRepositories\ELEC4622_Work\Projects\Project1\Project1_Solutoin\Task2\SincWindowedLut.h(7,202): warning C4305: 'initializing': truncation from 'double' to 'const float'
  (compiling source file 'main.cpp')
  
C:\GithubRepositories\ELEC4622_Work\Projects\Project1\Project1_Solutoin\Task2\SincWindowedLut.h(7,212): warning C4305: 'initializing': truncation from 'double' to 'const float'
  (compiling source file 'main.cpp')
  
C:\GithubRepositories\ELEC4622_Work\Projects\Project1\Project1_Solutoin\Task2\SincWindowedLut.h(7,231): warning C4305: 'initializing': truncation from 'double' to 'const float'
  (compiling source file 'main.cpp')
  
C:\GithubRepositories\ELEC4622_Work\Projects\Project1\Project1_Solutoin\Task2\SincWindowedLut.h(7,240): warning C4305: 'initializing': truncation from 'double' to 'const float'
  (compiling source file 'main.cpp')
  
C:\GithubRepositories\ELEC4622_Work\Projects\Project1\Project1_Solutoin\Task2\SincWindowedLut.h(7,259): warning C4305: 'initializing': truncation from 'double' to 'const float'
  (compiling source file 'main.cpp')
  
C:\GithubRepositories\ELEC4622_Work\Projects\Project1\Project1_Solutoin\Task2\SincWindowedLut.h(7,269): warning C4305: 'initializing': truncation from 'double' to 'const float'
  (compiling source file 'main.cpp')
  
C:\GithubRepositories\ELEC4622_Work\Projects\Project1\Project1_Solutoin\Task2\SincWindowedLut.h(7,288): warning C4305: 'initializing': truncation from 'double' to 'const float'
  (compiling source file 'main.cpp')
  
C:\GithubRepositories\ELEC4622_Work\Projects\Project1\Project1_Solutoin\Task2\SincWindowedLut.h(7,297): warning C4305: 'initializing': truncation from 'double' to 'const float'
  (compiling source file 'main.cpp')
  
C:\GithubRepositories\ELEC4622_Work\Projects\Project1\Project1_Solutoin\Task2\SincWindowedLut.h(7,315): warning C4305: 'initializing': truncation from 'double' to 'const float'
  (compiling source file 'main.cpp')
  
C:\GithubRepositories\ELEC4622_Work\Projects\Project1\Project1_Solutoin\Task2\SincWindowedLut.h(8,33): warning C4305: 'initializing': truncation from 'double' to 'const float'
  (compiling source file 'main.cpp')
  
C:\GithubRepositories\ELEC4622_Work\Projects\Project1\Project1_Solutoin\Task2\SincWindowedLut.h(8,51): warning C4305: 'initializing': truncation from 'double' to 'const float'
  (compiling source file 'main.cpp')
  
C:\GithubRepositories\ELEC4622_Work\Projects\Project1\Project1_Solutoin\Task2\SincWindowedLut.h(8,61): warning C4305: 'initializing': truncation from 'double' to 'const float'
  (compiling source file 'main.cpp')
  
C:\GithubRepositories\ELEC4622_Work\Projects\Project1\Project1_Solutoin\Task2\SincWindowedLut.h(8,81): warning C4305: 'initializing': truncation from 'double' to 'const float'
  (compiling source file 'main.cpp')
  
C:\GithubRepositories\ELEC4622_Work\Projects\Project1\Project1_Solutoin\Task2\SincWindowedLut.h(8,90): warning C4305: 'initializing': truncation from 'double' to 'const float'
  (compiling source file 'main.cpp')
  
C:\GithubRepositories\ELEC4622_Work\Projects\Project1\Project1_Solutoin\Task2\SincWindowedLut.h(8,108): warning C4305: 'initializing': truncation from 'double' to 'const float'
  (compiling source file 'main.cpp')
  
C:\GithubRepositories\ELEC4622_Work\Projects\Project1\Project1_Solutoin\Task2\SincWindowedLut.h(8,118): warning C4305: 'initializing': truncation from 'double' to 'const float'
  (compiling source file 'main.cpp')
  
C:\GithubRepositories\ELEC4622_Work\Projects\Project1\Project1_Solutoin\Task2\SincWindowedLut.h(8,138): warning C4305: 'initializing': truncation from 'double' to 'const float'
  (compiling source file 'main.cpp')
  
C:\GithubRepositories\ELEC4622_Work\Projects\Project1\Project1_Solutoin\Task2\SincWindowedLut.h(8,147): warning C4305: 'initializing': truncation from 'double' to 'const float'
  (compiling source file 'main.cpp')
  
C:\GithubRepositories\ELEC4622_Work\Projects\Project1\Project1_Solutoin\Task2\SincWindowedLut.h(8,156): warning C4305: 'initializing': truncation from 'double' to 'const float'
  (compiling source file 'main.cpp')
  
C:\GithubRepositories\ELEC4622_Work\Projects\Project1\Project1_Solutoin\Task2\SincWindowedLut.h(8,165): warning C4305: 'initializing': truncation from 'double' to 'const float'
  (compiling source file 'main.cpp')
  
C:\GithubRepositories\ELEC4622_Work\Projects\Project1\Project1_Solutoin\Task2\SincWindowedLut.h(8,174): warning C4305: 'initializing': truncation from 'double' to 'const float'
  (compiling source file 'main.cpp')
  
C:\GithubRepositories\ELEC4622_Work\Projects\Project1\Project1_Solutoin\Task2\SincWindowedLut.h(8,193): warning C4305: 'initializing': truncation from 'double' to 'const float'
  (compiling source file 'main.cpp')
  
C:\GithubRepositories\ELEC4622_Work\Projects\Project1\Project1_Solutoin\Task2\SincWindowedLut.h(8,203): warning C4305: 'initializing': truncation from 'double' to 'const float'
  (compiling source file 'main.cpp')
  
C:\GithubRepositories\ELEC4622_Work\Projects\Project1\Project1_Solutoin\Task2\SincWindowedLut.h(8,222): warning C4305: 'initializing': truncation from 'double' to 'const float'
  (compiling source file 'main.cpp')
  
C:\GithubRepositories\ELEC4622_Work\Projects\Project1\Project1_Solutoin\Task2\SincWindowedLut.h(8,231): warning C4305: 'initializing': truncation from 'double' to 'const float'
  (compiling source file 'main.cpp')
  
C:\GithubRepositories\ELEC4622_Work\Projects\Project1\Project1_Solutoin\Task2\SincWindowedLut.h(8,250): warning C4305: 'initializing': truncation from 'double' to 'const float'
  (compiling source file 'main.cpp')
  
C:\GithubRepositories\ELEC4622_Work\Projects\Project1\Project1_Solutoin\Task2\SincWindowedLut.h(8,260): warning C4305: 'initializing': truncation from 'double' to 'const float'
  (compiling source file 'main.cpp')
  
C:\GithubRepositories\ELEC4622_Work\Projects\Project1\Project1_Solutoin\Task2\SincWindowedLut.h(8,279): warning C4305: 'initializing': truncation from 'double' to 'const float'
  (compiling source file 'main.cpp')
  
C:\GithubRepositories\ELEC4622_Work\Projects\Project1\Project1_Solutoin\Task2\SincWindowedLut.h(8,288): warning C4305: 'initializing': truncation from 'double' to 'const float'
  (compiling source file 'main.cpp')
  
C:\GithubRepositories\ELEC4622_Work\Projects\Project1\Project1_Solutoin\Task2\SincWindowedLut.h(9,42): warning C4305: 'initializing': truncation from 'double' to 'const float'
  (compiling source file 'main.cpp')
  
C:\GithubRepositories\ELEC4622_Work\Projects\Project1\Project1_Solutoin\Task2\SincWindowedLut.h(9,52): warning C4305: 'initializing': truncation from 'double' to 'const float'
  (compiling source file 'main.cpp')
  
C:\GithubRepositories\ELEC4622_Work\Projects\Project1\Project1_Solutoin\Task2\SincWindowedLut.h(9,72): warning C4305: 'initializing': truncation from 'double' to 'const float'
  (compiling source file 'main.cpp')
  
C:\GithubRepositories\ELEC4622_Work\Projects\Project1\Project1_Solutoin\Task2\SincWindowedLut.h(9,81): warning C4305: 'initializing': truncation from 'double' to 'const float'
  (compiling source file 'main.cpp')
  
C:\GithubRepositories\ELEC4622_Work\Projects\Project1\Project1_Solutoin\Task2\SincWindowedLut.h(9,99): warning C4305: 'initializing': truncation from 'double' to 'const float'
  (compiling source file 'main.cpp')
  
C:\GithubRepositories\ELEC4622_Work\Projects\Project1\Project1_Solutoin\Task2\SincWindowedLut.h(9,109): warning C4305: 'initializing': truncation from 'double' to 'const float'
  (compiling source file 'main.cpp')
  
C:\GithubRepositories\ELEC4622_Work\Projects\Project1\Project1_Solutoin\Task2\SincWindowedLut.h(9,129): warning C4305: 'initializing': truncation from 'double' to 'const float'
  (compiling source file 'main.cpp')
  
C:\GithubRepositories\ELEC4622_Work\Projects\Project1\Project1_Solutoin\Task2\SincWindowedLut.h(9,138): warning C4305: 'initializing': truncation from 'double' to 'const float'
  (compiling source file 'main.cpp')
  
C:\GithubRepositories\ELEC4622_Work\Projects\Project1\Project1_Solutoin\Task2\SincWindowedLut.h(9,147): warning C4305: 'initializing': truncation from 'double' to 'const float'
  (compiling source file 'main.cpp')
  
C:\GithubRepositories\ELEC4622_Work\Projects\Project1\Project1_Solutoin\Task2\SincWindowedLut.h(9,156): warning C4305: 'initializing': truncation from 'double' to 'const float'
  (compiling source file 'main.cpp')
  
C:\GithubRepositories\ELEC4622_Work\Projects\Project1\Project1_Solutoin\Task2\SincWindowedLut.h(9,165): warning C4305: 'initializing': truncation from 'double' to 'const float'
  (compiling source file 'main.cpp')
  
C:\GithubRepositories\ELEC4622_Work\Projects\Project1\Project1_Solutoin\Task2\SincWindowedLut.h(9,184): warning C4305: 'initializing': truncation from 'double' to 'const float'
  (compiling source file 'main.cpp')
  
C:\GithubRepositories\ELEC4622_Work\Projects\Project1\Project1_Solutoin\Task2\SincWindowedLut.h(9,194): warning C4305: 'initializing': truncation from 'double' to 'const float'
  (compiling source file 'main.cpp')
  
C:\GithubRepositories\ELEC4622_Work\Projects\Project1\Project1_Solutoin\Task2\SincWindowedLut.h(9,213): warning C4305: 'initializing': truncation from 'double' to 'const float'
  (compiling source file 'main.cpp')
  
C:\GithubRepositories\ELEC4622_Work\Projects\Project1\Project1_Solutoin\Task2\SincWindowedLut.h(9,222): warning C4305: 'initializing': truncation from 'double' to 'const float'
  (compiling source file 'main.cpp')
  
C:\GithubRepositories\ELEC4622_Work\Projects\Project1\Project1_Solutoin\Task2\SincWindowedLut.h(9,241): warning C4305: 'initializing': truncation from 'double' to 'const float'
  (compiling source file 'main.cpp')
  
C:\GithubRepositories\ELEC4622_Work\Projects\Project1\Project1_Solutoin\Task2\SincWindowedLut.h(9,251): warning C4305: 'initializing': truncation from 'double' to 'const float'
  (compiling source file 'main.cpp')
  
C:\GithubRepositories\ELEC4622_Work\Projects\Project1\Project1_Solutoin\Task2\SincWindowedLut.h(9,270): warning C4305: 'initializing': truncation from 'double' to 'const float'
  (compiling source file 'main.cpp')
  
C:\GithubRepositories\ELEC4622_Work\Projects\Project1\Project1_Solutoin\Task2\SincWindowedLut.h(9,279): warning C4305: 'initializing': truncation from 'double' to 'const float'
  (compiling source file 'main.cpp')
  
C:\GithubRepositories\ELEC4622_Work\Projects\Project1\Project1_Solutoin\Task2\SincWindowedLut.h(10,33): warning C4305: 'initializing': truncation from 'double' to 'const float'
  (compiling source file 'main.cpp')
  
C:\GithubRepositories\ELEC4622_Work\Projects\Project1\Project1_Solutoin\Task2\SincWindowedLut.h(10,43): warning C4305: 'initializing': truncation from 'double' to 'const float'
  (compiling source file 'main.cpp')
  
C:\GithubRepositories\ELEC4622_Work\Projects\Project1\Project1_Solutoin\Task2\SincWindowedLut.h(10,63): warning C4305: 'initializing': truncation from 'double' to 'const float'
  (compiling source file 'main.cpp')
  
C:\GithubRepositories\ELEC4622_Work\Projects\Project1\Project1_Solutoin\Task2\SincWindowedLut.h(10,72): warning C4305: 'initializing': truncation from 'double' to 'const float'
  (compiling source file 'main.cpp')
  
C:\GithubRepositories\ELEC4622_Work\Projects\Project1\Project1_Solutoin\Task2\SincWindowedLut.h(10,90): warning C4305: 'initializing': truncation from 'double' to 'const float'
  (compiling source file 'main.cpp')
  
C:\GithubRepositories\ELEC4622_Work\Projects\Project1\Project1_Solutoin\Task2\SincWindowedLut.h(10,100): warning C4305: 'initializing': truncation from 'double' to 'const float'
  (compiling source file 'main.cpp')
  
C:\GithubRepositories\ELEC4622_Work\Projects\Project1\Project1_Solutoin\Task2\SincWindowedLut.h(10,120): warning C4305: 'initializing': truncation from 'double' to 'const float'
  (compiling source file 'main.cpp')
  
C:\GithubRepositories\ELEC4622_Work\Projects\Project1\Project1_Solutoin\Task2\SincWindowedLut.h(10,129): warning C4305: 'initializing': truncation from 'double' to 'const float'
  (compiling source file 'main.cpp')
  
C:\GithubRepositories\ELEC4622_Work\Projects\Project1\Project1_Solutoin\Task2\SincWindowedLut.h(10,138): warning C4305: 'initializing': truncation from 'double' to 'const float'
  (compiling source file 'main.cpp')
  
C:\GithubRepositories\ELEC4622_Work\Projects\Project1\Project1_Solutoin\Task2\SincWindowedLut.h(10,147): warning C4305: 'initializing': truncation from 'double' to 'const float'
  (compiling source file 'main.cpp')
  
C:\GithubRepositories\ELEC4622_Work\Projects\Project1\Project1_Solutoin\Task2\SincWindowedLut.h(10,156): warning C4305: 'initializing': truncation from 'double' to 'const float'
  (compiling source file 'main.cpp')
  
C:\GithubRepositories\ELEC4622_Work\Projects\Project1\Project1_Solutoin\Task2\SincWindowedLut.h(10,175): warning C4305: 'initializing': truncation from 'double' to 'const float'
  (compiling source file 'main.cpp')
  
C:\GithubRepositories\ELEC4622_Work\Projects\Project1\Project1_Solutoin\Task2\SincWindowedLut.h(10,185): warning C4305: 'initializing': truncation from 'double' to 'const float'
  (compiling source file 'main.cpp')
  
C:\GithubRepositories\ELEC4622_Work\Projects\Project1\Project1_Solutoin\Task2\SincWindowedLut.h(10,204): warning C4305: 'initializing': truncation from 'double' to 'const float'
  (compiling source file 'main.cpp')
  
C:\GithubRepositories\ELEC4622_Work\Projects\Project1\Project1_Solutoin\Task2\SincWindowedLut.h(10,213): warning C4305: 'initializing': truncation from 'double' to 'const float'
  (compiling source file 'main.cpp')
  
C:\GithubRepositories\ELEC4622_Work\Projects\Project1\Project1_Solutoin\Task2\SincWindowedLut.h(10,232): warning C4305: 'initializing': truncation from 'double' to 'const float'
  (compiling source file 'main.cpp')
  
C:\GithubRepositories\ELEC4622_Work\Projects\Project1\Project1_Solutoin\Task2\SincWindowedLut.h(10,242): warning C4305: 'initializing': truncation from 'double' to 'const float'
  (compiling source file 'main.cpp')
  
C:\GithubRepositories\ELEC4622_Work\Projects\Project1\Project1_Solutoin\Task2\SincWindowedLut.h(10,261): warning C4305: 'initializing': truncation from 'double' to 'const float'
  (compiling source file 'main.cpp')
  
C:\GithubRepositories\ELEC4622_Work\Projects\Project1\Project1_Solutoin\Task2\SincWindowedLut.h(11,33): warning C4305: 'initializing': truncation from 'double' to 'const float'
  (compiling source file 'main.cpp')
  
C:\GithubRepositories\ELEC4622_Work\Projects\Project1\Project1_Solutoin\Task2\SincWindowedLut.h(11,53): warning C4305: 'initializing': truncation from 'double' to 'const float'
  (compiling source file 'main.cpp')
  
C:\GithubRepositories\ELEC4622_Work\Projects\Project1\Project1_Solutoin\Task2\SincWindowedLut.h(11,62): warning C4305: 'initializing': truncation from 'double' to 'const float'
  (compiling source file 'main.cpp')
  
C:\GithubRepositories\ELEC4622_Work\Projects\Project1\Project1_Solutoin\Task2\SincWindowedLut.h(11,80): warning C4305: 'initializing': truncation from 'double' to 'const float'
  (compiling source file 'main.cpp')
  
C:\GithubRepositories\ELEC4622_Work\Projects\Project1\Project1_Solutoin\Task2\SincWindowedLut.h(11,90): warning C4305: 'initializing': truncation from 'double' to 'const float'
  (compiling source file 'main.cpp')
  
C:\GithubRepositories\ELEC4622_Work\Projects\Project1\Project1_Solutoin\Task2\SincWindowedLut.h(11,110): warning C4305: 'initializing': truncation from 'double' to 'const float'
  (compiling source file 'main.cpp')
  
C:\GithubRepositories\ELEC4622_Work\Projects\Project1\Project1_Solutoin\Task2\SincWindowedLut.h(11,119): warning C4305: 'initializing': truncation from 'double' to 'const float'
  (compiling source file 'main.cpp')
  
C:\GithubRepositories\ELEC4622_Work\Projects\Project1\Project1_Solutoin\Task2\SincWindowedLut.h(11,128): warning C4305: 'initializing': truncation from 'double' to 'const float'
  (compiling source file 'main.cpp')
  
C:\GithubRepositories\ELEC4622_Work\Projects\Project1\Project1_Solutoin\Task2\SincWindowedLut.h(11,137): warning C4305: 'initializing': truncation from 'double' to 'const float'
  (compiling source file 'main.cpp')
  
C:\GithubRepositories\ELEC4622_Work\Projects\Project1\Project1_Solutoin\Task2\SincWindowedLut.h(11,146): warning C4305: 'initializing': truncation from 'double' to 'const float'
  (compiling source file 'main.cpp')
  
C:\GithubRepositories\ELEC4622_Work\Projects\Project1\Project1_Solutoin\Task2\SincWindowedLut.h(11,165): warning C4305: 'initializing': truncation from 'double' to 'const float'
  (compiling source file 'main.cpp')
  
C:\GithubRepositories\ELEC4622_Work\Projects\Project1\Project1_Solutoin\Task2\SincWindowedLut.h(11,175): warning C4305: 'initializing': truncation from 'double' to 'const float'
  (compiling source file 'main.cpp')
  
C:\GithubRepositories\ELEC4622_Work\Projects\Project1\Project1_Solutoin\Task2\SincWindowedLut.h(11,194): warning C4305: 'initializing': truncation from 'double' to 'const float'
  (compiling source file 'main.cpp')
  
C:\GithubRepositories\ELEC4622_Work\Projects\Project1\Project1_Solutoin\Task2\SincWindowedLut.h(11,203): warning C4305: 'initializing': truncation from 'double' to 'const float'
  (compiling source file 'main.cpp')
  
C:\GithubRepositories\ELEC4622_Work\Projects\Project1\Project1_Solutoin\Task2\SincWindowedLut.h(11,222): warning C4305: 'initializing': truncation from 'double' to 'const float'
  (compiling source file 'main.cpp')
  
C:\GithubRepositories\ELEC4622_Work\Projects\Project1\Project1_Solutoin\Task2\SincWindowedLut.h(11,232): warning C4305: 'initializing': truncation from 'double' to 'const float'
  (compiling source file 'main.cpp')
  
C:\GithubRepositories\ELEC4622_Work\Projects\Project1\Project1_Solutoin\Task2\SincWindowedLut.h(12,43): warning C4305: 'initializing': truncation from 'double' to 'const float'
  (compiling source file 'main.cpp')
  
C:\GithubRepositories\ELEC4622_Work\Projects\Project1\Project1_Solutoin\Task2\SincWindowedLut.h(12,52): warning C4305: 'initializing': truncation from 'double' to 'const float'
  (compiling source file 'main.cpp')
  
C:\GithubRepositories\ELEC4622_Work\Projects\Project1\Project1_Solutoin\Task2\SincWindowedLut.h(12,70): warning C4305: 'initializing': truncation from 'double' to 'const float'
  (compiling source file 'main.cpp')
  
C:\GithubRepositories\ELEC4622_Work\Projects\Project1\Project1_Solutoin\Task2\SincWindowedLut.h(12,80): warning C4305: 'initializing': truncation from 'double' to 'const float'
  (compiling source file 'main.cpp')
  
C:\GithubRepositories\ELEC4622_Work\Projects\Project1\Project1_Solutoin\Task2\SincWindowedLut.h(12,100): warning C4305: 'initializing': truncation from 'double' to 'const float'
  (compiling source file 'main.cpp')
  
C:\GithubRepositories\ELEC4622_Work\Projects\Project1\Project1_Solutoin\Task2\SincWindowedLut.h(12,109): warning C4305: 'initializing': truncation from 'double' to 'const float'
  (compiling source file 'main.cpp')
  
C:\GithubRepositories\ELEC4622_Work\Projects\Project1\Project1_Solutoin\Task2\SincWindowedLut.h(12,118): warning C4305: 'initializing': truncation from 'double' to 'const float'
  (compiling source file 'main.cpp')
  
C:\GithubRepositories\ELEC4622_Work\Projects\Project1\Project1_Solutoin\Task2\SincWindowedLut.h(12,127): warning C4305: 'initializing': truncation from 'double' to 'const float'
  (compiling source file 'main.cpp')
  
C:\GithubRepositories\ELEC4622_Work\Projects\Project1\Project1_Solutoin\Task2\SincWindowedLut.h(12,136): warning C4305: 'initializing': truncation from 'double' to 'const float'
  (compiling source file 'main.cpp')
  
C:\GithubRepositories\ELEC4622_Work\Projects\Project1\Project1_Solutoin\Task2\SincWindowedLut.h(12,155): warning C4305: 'initializing': truncation from 'double' to 'const float'
  (compiling source file 'main.cpp')
  
C:\GithubRepositories\ELEC4622_Work\Projects\Project1\Project1_Solutoin\Task2\SincWindowedLut.h(12,165): warning C4305: 'initializing': truncation from 'double' to 'const float'
  (compiling source file 'main.cpp')
  
C:\GithubRepositories\ELEC4622_Work\Projects\Project1\Project1_Solutoin\Task2\SincWindowedLut.h(12,184): warning C4305: 'initializing': truncation from 'double' to 'const float'
  (compiling source file 'main.cpp')
  
C:\GithubRepositories\ELEC4622_Work\Projects\Project1\Project1_Solutoin\Task2\SincWindowedLut.h(12,193): warning C4305: 'initializing': truncation from 'double' to 'const float'
  (compiling source file 'main.cpp')
  
C:\GithubRepositories\ELEC4622_Work\Projects\Project1\Project1_Solutoin\Task2\SincWindowedLut.h(12,212): warning C4305: 'initializing': truncation from 'double' to 'const float'
  (compiling source file 'main.cpp')
  
C:\GithubRepositories\ELEC4622_Work\Projects\Project1\Project1_Solutoin\Task2\SincWindowedLut.h(12,222): warning C4305: 'initializing': truncation from 'double' to 'const float'
  (compiling source file 'main.cpp')
  
C:\GithubRepositories\ELEC4622_Work\Projects\Project1\Project1_Solutoin\Task2\SincWindowedLut.h(13,32): warning C4305: 'initializing': truncation from 'double' to 'const float'
  (compiling source file 'main.cpp')
  
C:\GithubRepositories\ELEC4622_Work\Projects\Project1\Project1_Solutoin\Task2\SincWindowedLut.h(13,41): warning C4305: 'initializing': truncation from 'double' to 'const float'
  (compiling source file 'main.cpp')
  
C:\GithubRepositories\ELEC4622_Work\Projects\Project1\Project1_Solutoin\Task2\SincWindowedLut.h(13,59): warning C4305: 'initializing': truncation from 'double' to 'const float'
  (compiling source file 'main.cpp')
  
C:\GithubRepositories\ELEC4622_Work\Projects\Project1\Project1_Solutoin\Task2\SincWindowedLut.h(13,69): warning C4305: 'initializing': truncation from 'double' to 'const float'
  (compiling source file 'main.cpp')
  
C:\GithubRepositories\ELEC4622_Work\Projects\Project1\Project1_Solutoin\Task2\SincWindowedLut.h(13,89): warning C4305: 'initializing': truncation from 'double' to 'const float'
  (compiling source file 'main.cpp')
  
C:\GithubRepositories\ELEC4622_Work\Projects\Project1\Project1_Solutoin\Task2\SincWindowedLut.h(13,98): warning C4305: 'initializing': truncation from 'double' to 'const float'
  (compiling source file 'main.cpp')
  
C:\GithubRepositories\ELEC4622_Work\Projects\Project1\Project1_Solutoin\Task2\SincWindowedLut.h(13,107): warning C4305: 'initializing': truncation from 'double' to 'const float'
  (compiling source file 'main.cpp')
  
C:\GithubRepositories\ELEC4622_Work\Projects\Project1\Project1_Solutoin\Task2\SincWindowedLut.h(13,116): warning C4305: 'initializing': truncation from 'double' to 'const float'
  (compiling source file 'main.cpp')
  
C:\GithubRepositories\ELEC4622_Work\Projects\Project1\Project1_Solutoin\Task2\SincWindowedLut.h(13,125): warning C4305: 'initializing': truncation from 'double' to 'const float'
  (compiling source file 'main.cpp')
  
C:\GithubRepositories\ELEC4622_Work\Projects\Project1\Project1_Solutoin\Task2\SincWindowedLut.h(13,144): warning C4305: 'initializing': truncation from 'double' to 'const float'
  (compiling source file 'main.cpp')
  
C:\GithubRepositories\ELEC4622_Work\Projects\Project1\Project1_Solutoin\Task2\SincWindowedLut.h(13,154): warning C4305: 'initializing': truncation from 'double' to 'const float'
  (compiling source file 'main.cpp')
  
C:\GithubRepositories\ELEC4622_Work\Projects\Project1\Project1_Solutoin\Task2\SincWindowedLut.h(13,173): warning C4305: 'initializing': truncation from 'double' to 'const float'
  (compiling source file 'main.cpp')
  
C:\GithubRepositories\ELEC4622_Work\Projects\Project1\Project1_Solutoin\Task2\SincWindowedLut.h(13,182): warning C4305: 'initializing': truncation from 'double' to 'const float'
  (compiling source file 'main.cpp')
  
C:\GithubRepositories\ELEC4622_Work\Projects\Project1\Project1_Solutoin\Task2\SincWindowedLut.h(13,201): warning C4305: 'initializing': truncation from 'double' to 'const float'
  (compiling source file 'main.cpp')
  
C:\GithubRepositories\ELEC4622_Work\Projects\Project1\Project1_Solutoin\Task2\SincWindowedLut.h(14,32): warning C4305: 'initializing': truncation from 'double' to 'const float'
  (compiling source file 'main.cpp')
  
C:\GithubRepositories\ELEC4622_Work\Projects\Project1\Project1_Solutoin\Task2\SincWindowedLut.h(14,50): warning C4305: 'initializing': truncation from 'double' to 'const float'
  (compiling source file 'main.cpp')
  
C:\GithubRepositories\ELEC4622_Work\Projects\Project1\Project1_Solutoin\Task2\SincWindowedLut.h(14,60): warning C4305: 'initializing': truncation from 'double' to 'const float'
  (compiling source file 'main.cpp')
  
C:\GithubRepositories\ELEC4622_Work\Projects\Project1\Project1_Solutoin\Task2\SincWindowedLut.h(14,80): warning C4305: 'initializing': truncation from 'double' to 'const float'
  (compiling source file 'main.cpp')
  
C:\GithubRepositories\ELEC4622_Work\Projects\Project1\Project1_Solutoin\Task2\SincWindowedLut.h(14,89): warning C4305: 'initializing': truncation from 'double' to 'const float'
  (compiling source file 'main.cpp')
  
C:\GithubRepositories\ELEC4622_Work\Projects\Project1\Project1_Solutoin\Task2\SincWindowedLut.h(14,98): warning C4305: 'initializing': truncation from 'double' to 'const float'
  (compiling source file 'main.cpp')
  
C:\GithubRepositories\ELEC4622_Work\Projects\Project1\Project1_Solutoin\Task2\SincWindowedLut.h(14,107): warning C4305: 'initializing': truncation from 'double' to 'const float'
  (compiling source file 'main.cpp')
  
C:\GithubRepositories\ELEC4622_Work\Projects\Project1\Project1_Solutoin\Task2\SincWindowedLut.h(14,116): warning C4305: 'initializing': truncation from 'double' to 'const float'
  (compiling source file 'main.cpp')
  
C:\GithubRepositories\ELEC4622_Work\Projects\Project1\Project1_Solutoin\Task2\SincWindowedLut.h(14,135): warning C4305: 'initializing': truncation from 'double' to 'const float'
  (compiling source file 'main.cpp')
  
C:\GithubRepositories\ELEC4622_Work\Projects\Project1\Project1_Solutoin\Task2\SincWindowedLut.h(14,145): warning C4305: 'initializing': truncation from 'double' to 'const float'
  (compiling source file 'main.cpp')
  
C:\GithubRepositories\ELEC4622_Work\Projects\Project1\Project1_Solutoin\Task2\SincWindowedLut.h(14,164): warning C4305: 'initializing': truncation from 'double' to 'const float'
  (compiling source file 'main.cpp')
  
C:\GithubRepositories\ELEC4622_Work\Projects\Project1\Project1_Solutoin\Task2\SincWindowedLut.h(14,173): warning C4305: 'initializing': truncation from 'double' to 'const float'
  (compiling source file 'main.cpp')
  
C:\GithubRepositories\ELEC4622_Work\Projects\Project1\Project1_Solutoin\Task2\SincWindowedLut.h(15,41): warning C4305: 'initializing': truncation from 'double' to 'const float'
  (compiling source file 'main.cpp')
  
C:\GithubRepositories\ELEC4622_Work\Projects\Project1\Project1_Solutoin\Task2\SincWindowedLut.h(15,51): warning C4305: 'initializing': truncation from 'double' to 'const float'
  (compiling source file 'main.cpp')
  
C:\GithubRepositories\ELEC4622_Work\Projects\Project1\Project1_Solutoin\Task2\SincWindowedLut.h(15,71): warning C4305: 'initializing': truncation from 'double' to 'const float'
  (compiling source file 'main.cpp')
  
C:\GithubRepositories\ELEC4622_Work\Projects\Project1\Project1_Solutoin\Task2\SincWindowedLut.h(15,80): warning C4305: 'initializing': truncation from 'double' to 'const float'
  (compiling source file 'main.cpp')
  
C:\GithubRepositories\ELEC4622_Work\Projects\Project1\Project1_Solutoin\Task2\SincWindowedLut.h(15,89): warning C4305: 'initializing': truncation from 'double' to 'const float'
  (compiling source file 'main.cpp')
  
C:\GithubRepositories\ELEC4622_Work\Projects\Project1\Project1_Solutoin\Task2\SincWindowedLut.h(15,98): warning C4305: 'initializing': truncation from 'double' to 'const float'
  (compiling source file 'main.cpp')
  
C:\GithubRepositories\ELEC4622_Work\Projects\Project1\Project1_Solutoin\Task2\SincWindowedLut.h(15,107): warning C4305: 'initializing': truncation from 'double' to 'const float'
  (compiling source file 'main.cpp')
  
C:\GithubRepositories\ELEC4622_Work\Projects\Project1\Project1_Solutoin\Task2\SincWindowedLut.h(15,126): warning C4305: 'initializing': truncation from 'double' to 'const float'
  (compiling source file 'main.cpp')
  
C:\GithubRepositories\ELEC4622_Work\Projects\Project1\Project1_Solutoin\Task2\SincWindowedLut.h(15,136): warning C4305: 'initializing': truncation from 'double' to 'const float'
  (compiling source file 'main.cpp')
  
C:\GithubRepositories\ELEC4622_Work\Projects\Project1\Project1_Solutoin\Task2\SincWindowedLut.h(15,155): warning C4305: 'initializing': truncation from 'double' to 'const float'
  (compiling source file 'main.cpp')
  
C:\GithubRepositories\ELEC4622_Work\Projects\Project1\Project1_Solutoin\Task2\SincWindowedLut.h(15,164): warning C4305: 'initializing': truncation from 'double' to 'const float'
  (compiling source file 'main.cpp')
  
C:\GithubRepositories\ELEC4622_Work\Projects\Project1\Project1_Solutoin\Task2\SincWindowedLut.h(16,32): warning C4305: 'initializing': truncation from 'double' to 'const float'
  (compiling source file 'main.cpp')
  
C:\GithubRepositories\ELEC4622_Work\Projects\Project1\Project1_Solutoin\Task2\SincWindowedLut.h(16,42): warning C4305: 'initializing': truncation from 'double' to 'const float'
  (compiling source file 'main.cpp')
  
C:\GithubRepositories\ELEC4622_Work\Projects\Project1\Project1_Solutoin\Task2\SincWindowedLut.h(16,62): warning C4305: 'initializing': truncation from 'double' to 'const float'
  (compiling source file 'main.cpp')
  
C:\GithubRepositories\ELEC4622_Work\Projects\Project1\Project1_Solutoin\Task2\SincWindowedLut.h(16,71): warning C4305: 'initializing': truncation from 'double' to 'const float'
  (compiling source file 'main.cpp')
  
C:\GithubRepositories\ELEC4622_Work\Projects\Project1\Project1_Solutoin\Task2\SincWindowedLut.h(16,80): warning C4305: 'initializing': truncation from 'double' to 'const float'
  (compiling source file 'main.cpp')
  
C:\GithubRepositories\ELEC4622_Work\Projects\Project1\Project1_Solutoin\Task2\SincWindowedLut.h(16,89): warning C4305: 'initializing': truncation from 'double' to 'const float'
  (compiling source file 'main.cpp')
  
C:\GithubRepositories\ELEC4622_Work\Projects\Project1\Project1_Solutoin\Task2\SincWindowedLut.h(16,98): warning C4305: 'initializing': truncation from 'double' to 'const float'
  (compiling source file 'main.cpp')
  
C:\GithubRepositories\ELEC4622_Work\Projects\Project1\Project1_Solutoin\Task2\SincWindowedLut.h(16,117): warning C4305: 'initializing': truncation from 'double' to 'const float'
  (compiling source file 'main.cpp')
  
C:\GithubRepositories\ELEC4622_Work\Projects\Project1\Project1_Solutoin\Task2\SincWindowedLut.h(16,127): warning C4305: 'initializing': truncation from 'double' to 'const float'
  (compiling source file 'main.cpp')
  
C:\GithubRepositories\ELEC4622_Work\Projects\Project1\Project1_Solutoin\Task2\SincWindowedLut.h(16,146): warning C4305: 'initializing': truncation from 'double' to 'const float'
  (compiling source file 'main.cpp')
  
C:\GithubRepositories\ELEC4622_Work\Projects\Project1\Project1_Solutoin\Task2\SincWindowedLut.h(17,32): warning C4305: 'initializing': truncation from 'double' to 'const float'
  (compiling source file 'main.cpp')
  
C:\GithubRepositories\ELEC4622_Work\Projects\Project1\Project1_Solutoin\Task2\SincWindowedLut.h(17,52): warning C4305: 'initializing': truncation from 'double' to 'const float'
  (compiling source file 'main.cpp')
  
C:\GithubRepositories\ELEC4622_Work\Projects\Project1\Project1_Solutoin\Task2\SincWindowedLut.h(17,61): warning C4305: 'initializing': truncation from 'double' to 'const float'
  (compiling source file 'main.cpp')
  
C:\GithubRepositories\ELEC4622_Work\Projects\Project1\Project1_Solutoin\Task2\SincWindowedLut.h(17,70): warning C4305: 'initializing': truncation from 'double' to 'const float'
  (compiling source file 'main.cpp')
  
C:\GithubRepositories\ELEC4622_Work\Projects\Project1\Project1_Solutoin\Task2\SincWindowedLut.h(17,79): warning C4305: 'initializing': truncation from 'double' to 'const float'
  (compiling source file 'main.cpp')
  
C:\GithubRepositories\ELEC4622_Work\Projects\Project1\Project1_Solutoin\Task2\SincWindowedLut.h(17,88): warning C4305: 'initializing': truncation from 'double' to 'const float'
  (compiling source file 'main.cpp')
  
C:\GithubRepositories\ELEC4622_Work\Projects\Project1\Project1_Solutoin\Task2\SincWindowedLut.h(17,107): warning C4305: 'initializing': truncation from 'double' to 'const float'
  (compiling source file 'main.cpp')
  
C:\GithubRepositories\ELEC4622_Work\Projects\Project1\Project1_Solutoin\Task2\SincWindowedLut.h(17,117): warning C4305: 'initializing': truncation from 'double' to 'const float'
  (compiling source file 'main.cpp')
  
C:\GithubRepositories\ELEC4622_Work\Projects\Project1\Project1_Solutoin\Task2\SincWindowedLut.h(18,41): warning C4305: 'initializing': truncation from 'double' to 'const float'
  (compiling source file 'main.cpp')
  
C:\GithubRepositories\ELEC4622_Work\Projects\Project1\Project1_Solutoin\Task2\SincWindowedLut.h(18,50): warning C4305: 'initializing': truncation from 'double' to 'const float'
  (compiling source file 'main.cpp')
  
C:\GithubRepositories\ELEC4622_Work\Projects\Project1\Project1_Solutoin\Task2\SincWindowedLut.h(18,59): warning C4305: 'initializing': truncation from 'double' to 'const float'
  (compiling source file 'main.cpp')
  
C:\GithubRepositories\ELEC4622_Work\Projects\Project1\Project1_Solutoin\Task2\SincWindowedLut.h(18,68): warning C4305: 'initializing': truncation from 'double' to 'const float'
  (compiling source file 'main.cpp')
  
C:\GithubRepositories\ELEC4622_Work\Projects\Project1\Project1_Solutoin\Task2\SincWindowedLut.h(18,77): warning C4305: 'initializing': truncation from 'double' to 'const float'
  (compiling source file 'main.cpp')
  
C:\GithubRepositories\ELEC4622_Work\Projects\Project1\Project1_Solutoin\Task2\SincWindowedLut.h(18,96): warning C4305: 'initializing': truncation from 'double' to 'const float'
  (compiling source file 'main.cpp')
  
C:\GithubRepositories\ELEC4622_Work\Projects\Project1\Project1_Solutoin\Task2\SincWindowedLut.h(18,106): warning C4305: 'initializing': truncation from 'double' to 'const float'
  (compiling source file 'main.cpp')
  
C:\GithubRepositories\ELEC4622_Work\Projects\Project1\Project1_Solutoin\Task2\SincWindowedLut.h(19,31): warning C4305: 'initializing': truncation from 'double' to 'const float'
  (compiling source file 'main.cpp')
  
C:\GithubRepositories\ELEC4622_Work\Projects\Project1\Project1_Solutoin\Task2\SincWindowedLut.h(19,40): warning C4305: 'initializing': truncation from 'double' to 'const float'
  (compiling source file 'main.cpp')
  
C:\GithubRepositories\ELEC4622_Work\Projects\Project1\Project1_Solutoin\Task2\SincWindowedLut.h(19,49): warning C4305: 'initializing': truncation from 'double' to 'const float'
  (compiling source file 'main.cpp')
  
C:\GithubRepositories\ELEC4622_Work\Projects\Project1\Project1_Solutoin\Task2\SincWindowedLut.h(19,58): warning C4305: 'initializing': truncation from 'double' to 'const float'
  (compiling source file 'main.cpp')
  
C:\GithubRepositories\ELEC4622_Work\Projects\Project1\Project1_Solutoin\Task2\SincWindowedLut.h(19,67): warning C4305: 'initializing': truncation from 'double' to 'const float'
  (compiling source file 'main.cpp')
  
C:\GithubRepositories\ELEC4622_Work\Projects\Project1\Project1_Solutoin\Task2\SincWindowedLut.h(19,86): warning C4305: 'initializing': truncation from 'double' to 'const float'
  (compiling source file 'main.cpp')
  
C:\GithubRepositories\ELEC4622_Work\Projects\Project1\Project1_Solutoin\Task2\SincWindowedLut.h(20,31): warning C4305: 'initializing': truncation from 'double' to 'const float'
  (compiling source file 'main.cpp')
  
C:\GithubRepositories\ELEC4622_Work\Projects\Project1\Project1_Solutoin\Task2\SincWindowedLut.h(20,40): warning C4305: 'initializing': truncation from 'double' to 'const float'
  (compiling source file 'main.cpp')
  
C:\GithubRepositories\ELEC4622_Work\Projects\Project1\Project1_Solutoin\Task2\SincWindowedLut.h(20,49): warning C4305: 'initializing': truncation from 'double' to 'const float'
  (compiling source file 'main.cpp')
  
C:\GithubRepositories\ELEC4622_Work\Projects\Project1\Project1_Solutoin\Task2\SincWindowedLut.h(20,58): warning C4305: 'initializing': truncation from 'double' to 'const float'
  (compiling source file 'main.cpp')
  
C:\GithubRepositories\ELEC4622_Work\Projects\Project1\Project1_Solutoin\Task2\SincWindowedLut.h(21,40): warning C4305: 'initializing': truncation from 'double' to 'const float'
  (compiling source file 'main.cpp')
  
C:\GithubRepositories\ELEC4622_Work\Projects\Project1\Project1_Solutoin\Task2\SincWindowedLut.h(21,49): warning C4305: 'initializing': truncation from 'double' to 'const float'
  (compiling source file 'main.cpp')
  
C:\GithubRepositories\ELEC4622_Work\Projects\Project1\Project1_Solutoin\Task2\SincWindowedLut.h(22,31): warning C4305: 'initializing': truncation from 'double' to 'const float'
  (compiling source file 'main.cpp')
  
C:\GithubRepositories\ELEC4622_Work\Projects\Project1\Project1_Solutoin\Task2\SincWindowedLut.h(23,33): warning C4305: 'initializing': truncation from 'double' to 'const float'
  (compiling source file 'main.cpp')
  
C:\GithubRepositories\ELEC4622_Work\Projects\Project1\Project1_Solutoin\Task2\SincWindowedLut.h(23,52): warning C4305: 'initializing': truncation from 'double' to 'const float'
  (compiling source file 'main.cpp')
  
C:\GithubRepositories\ELEC4622_Work\Projects\Project1\Project1_Solutoin\Task2\SincWindowedLut.h(23,61): warning C4305: 'initializing': truncation from 'double' to 'const float'
  (compiling source file 'main.cpp')
  
C:\GithubRepositories\ELEC4622_Work\Projects\Project1\Project1_Solutoin\Task2\SincWindowedLut.h(23,79): warning C4305: 'initializing': truncation from 'double' to 'const float'
  (compiling source file 'main.cpp')
  
C:\GithubRepositories\ELEC4622_Work\Projects\Project1\Project1_Solutoin\Task2\SincWindowedLut.h(23,89): warning C4305: 'initializing': truncation from 'double' to 'const float'
  (compiling source file 'main.cpp')
  
C:\GithubRepositories\ELEC4622_Work\Projects\Project1\Project1_Solutoin\Task2\SincWindowedLut.h(23,109): warning C4305: 'initializing': truncation from 'double' to 'const float'
  (compiling source file 'main.cpp')
  
C:\GithubRepositories\ELEC4622_Work\Projects\Project1\Project1_Solutoin\Task2\SincWindowedLut.h(23,118): warning C4305: 'initializing': truncation from 'double' to 'const float'
  (compiling source file 'main.cpp')
  
C:\GithubRepositories\ELEC4622_Work\Projects\Project1\Project1_Solutoin\Task2\SincWindowedLut.h(23,136): warning C4305: 'initializing': truncation from 'double' to 'const float'
  (compiling source file 'main.cpp')
  
C:\GithubRepositories\ELEC4622_Work\Projects\Project1\Project1_Solutoin\Task2\SincWindowedLut.h(23,146): warning C4305: 'initializing': truncation from 'double' to 'const float'
  (compiling source file 'main.cpp')
  
C:\GithubRepositories\ELEC4622_Work\Projects\Project1\Project1_Solutoin\Task2\SincWindowedLut.h(23,166): warning C4305: 'initializing': truncation from 'double' to 'const float'
  (compiling source file 'main.cpp')
  
C:\GithubRepositories\ELEC4622_Work\Projects\Project1\Project1_Solutoin\Task2\SincWindowedLut.h(23,175): warning C4305: 'initializing': truncation from 'double' to 'const float'
  (compiling source file 'main.cpp')
  
C:\GithubRepositories\ELEC4622_Work\Projects\Project1\Project1_Solutoin\Task2\SincWindowedLut.h(23,184): warning C4305: 'initializing': truncation from 'double' to 'const float'
  (compiling source file 'main.cpp')
  
C:\GithubRepositories\ELEC4622_Work\Projects\Project1\Project1_Solutoin\Task2\SincWindowedLut.h(23,193): warning C4305: 'initializing': truncation from 'double' to 'const float'
  (compiling source file 'main.cpp')
  
C:\GithubRepositories\ELEC4622_Work\Projects\Project1\Project1_Solutoin\Task2\SincWindowedLut.h(23,202): warning C4305: 'initializing': truncation from 'double' to 'const float'
  (compiling source file 'main.cpp')
  
C:\GithubRepositories\ELEC4622_Work\Projects\Project1\Project1_Solutoin\Task2\SincWindowedLut.h(23,221): warning C4305: 'initializing': truncation from 'double' to 'const float'
  (compiling source file 'main.cpp')
  
C:\GithubRepositories\ELEC4622_Work\Projects\Project1\Project1_Solutoin\Task2\SincWindowedLut.h(23,231): warning C4305: 'initializing': truncation from 'double' to 'const float'
  (compiling source file 'main.cpp')
  
C:\GithubRepositories\ELEC4622_Work\Projects\Project1\Project1_Solutoin\Task2\SincWindowedLut.h(23,250): warning C4305: 'initializing': truncation from 'double' to 'const float'
  (compiling source file 'main.cpp')
  
C:\GithubRepositories\ELEC4622_Work\Projects\Project1\Project1_Solutoin\Task2\SincWindowedLut.h(23,259): warning C4305: 'initializing': truncation from 'double' to 'const float'
  (compiling source file 'main.cpp')
  
C:\GithubRepositories\ELEC4622_Work\Projects\Project1\Project1_Solutoin\Task2\SincWindowedLut.h(23,278): warning C4305: 'initializing': truncation from 'double' to 'const float'
  (compiling source file 'main.cpp')
  
C:\GithubRepositories\ELEC4622_Work\Projects\Project1\Project1_Solutoin\Task2\SincWindowedLut.h(23,288): warning C4305: 'initializing': truncation from 'double' to 'const float'
  (compiling source file 'main.cpp')
  
C:\GithubRepositories\ELEC4622_Work\Projects\Project1\Project1_Solutoin\Task2\SincWindowedLut.h(23,307): warning C4305: 'initializing': truncation from 'double' to 'const float'
  (compiling source file 'main.cpp')
  
C:\GithubRepositories\ELEC4622_Work\Projects\Project1\Project1_Solutoin\Task2\SincWindowedLut.h(23,316): warning C4305: 'initializing': truncation from 'double' to 'const float'
  (compiling source file 'main.cpp')
  
C:\GithubRepositories\ELEC4622_Work\Projects\Project1\Project1_Solutoin\Task2\SincWindowedLut.h(24,42): warning C4305: 'initializing': truncation from 'double' to 'const float'
  (compiling source file 'main.cpp')
  
C:\GithubRepositories\ELEC4622_Work\Projects\Project1\Project1_Solutoin\Task2\SincWindowedLut.h(24,51): warning C4305: 'initializing': truncation from 'double' to 'const float'
  (compiling source file 'main.cpp')
  
C:\GithubRepositories\ELEC4622_Work\Projects\Project1\Project1_Solutoin\Task2\SincWindowedLut.h(24,69): warning C4305: 'initializing': truncation from 'double' to 'const float'
  (compiling source file 'main.cpp')
  
C:\GithubRepositories\ELEC4622_Work\Projects\Project1\Project1_Solutoin\Task2\SincWindowedLut.h(24,79): warning C4305: 'initializing': truncation from 'double' to 'const float'
  (compiling source file 'main.cpp')
  
C:\GithubRepositories\ELEC4622_Work\Projects\Project1\Project1_Solutoin\Task2\SincWindowedLut.h(24,99): warning C4305: 'initializing': truncation from 'double' to 'const float'
  (compiling source file 'main.cpp')
  
C:\GithubRepositories\ELEC4622_Work\Projects\Project1\Project1_Solutoin\Task2\SincWindowedLut.h(24,108): warning C4305: 'initializing': truncation from 'double' to 'const float'
  (compiling source file 'main.cpp')
  
C:\GithubRepositories\ELEC4622_Work\Projects\Project1\Project1_Solutoin\Task2\SincWindowedLut.h(24,126): warning C4305: 'initializing': truncation from 'double' to 'const float'
  (compiling source file 'main.cpp')
  
C:\GithubRepositories\ELEC4622_Work\Projects\Project1\Project1_Solutoin\Task2\SincWindowedLut.h(24,136): warning C4305: 'initializing': truncation from 'double' to 'const float'
  (compiling source file 'main.cpp')
  
C:\GithubRepositories\ELEC4622_Work\Projects\Project1\Project1_Solutoin\Task2\SincWindowedLut.h(24,156): warning C4305: 'initializing': truncation from 'double' to 'const float'
  (compiling source file 'main.cpp')
  
C:\GithubRepositories\ELEC4622_Work\Projects\Project1\Project1_Solutoin\Task2\SincWindowedLut.h(24,165): warning C4305: 'initializing': truncation from 'double' to 'const float'
  (compiling source file 'main.cpp')
  
C:\GithubRepositories\ELEC4622_Work\Projects\Project1\Project1_Solutoin\Task2\SincWindowedLut.h(24,174): warning C4305: 'initializing': truncation from 'double' to 'const float'
  (compiling source file 'main.cpp')
  
C:\GithubRepositories\ELEC4622_Work\Projects\Project1\Project1_Solutoin\Task2\SincWindowedLut.h(24,183): warning C4305: 'initializing': truncation from 'double' to 'const float'
  (compiling source file 'main.cpp')
  
C:\GithubRepositories\ELEC4622_Work\Projects\Project1\Project1_Solutoin\Task2\SincWindowedLut.h(24,192): warning C4305: 'initializing': truncation from 'double' to 'const float'
  (compiling source file 'main.cpp')
  
C:\GithubRepositories\ELEC4622_Work\Projects\Project1\Project1_Solutoin\Task2\SincWindowedLut.h(24,211): warning C4305: 'initializing': truncation from 'double' to 'const float'
  (compiling source file 'main.cpp')
  
C:\GithubRepositories\ELEC4622_Work\Projects\Project1\Project1_Solutoin\Task2\SincWindowedLut.h(24,221): warning C4305: 'initializing': truncation from 'double' to 'const float'
  (compiling source file 'main.cpp')
  
C:\GithubRepositories\ELEC4622_Work\Projects\Project1\Project1_Solutoin\Task2\SincWindowedLut.h(24,240): warning C4305: 'initializing': truncation from 'double' to 'const float'
  (compiling source file 'main.cpp')
  
C:\GithubRepositories\ELEC4622_Work\Projects\Project1\Project1_Solutoin\Task2\SincWindowedLut.h(24,249): warning C4305: 'initializing': truncation from 'double' to 'const float'
  (compiling source file 'main.cpp')
  
C:\GithubRepositories\ELEC4622_Work\Projects\Project1\Project1_Solutoin\Task2\SincWindowedLut.h(24,268): warning C4305: 'initializing': truncation from 'double' to 'const float'
  (compiling source file 'main.cpp')
  
C:\GithubRepositories\ELEC4622_Work\Projects\Project1\Project1_Solutoin\Task2\SincWindowedLut.h(24,278): warning C4305: 'initializing': truncation from 'double' to 'const float'
  (compiling source file 'main.cpp')
  
C:\GithubRepositories\ELEC4622_Work\Projects\Project1\Project1_Solutoin\Task2\SincWindowedLut.h(24,297): warning C4305: 'initializing': truncation from 'double' to 'const float'
  (compiling source file 'main.cpp')
  
C:\GithubRepositories\ELEC4622_Work\Projects\Project1\Project1_Solutoin\Task2\SincWindowedLut.h(25,33): warning C4305: 'initializing': truncation from 'double' to 'const float'
  (compiling source file 'main.cpp')
  
C:\GithubRepositories\ELEC4622_Work\Projects\Project1\Project1_Solutoin\Task2\SincWindowedLut.h(25,42): warning C4305: 'initializing': truncation from 'double' to 'const float'
  (compiling source file 'main.cpp')
  
C:\GithubRepositories\ELEC4622_Work\Projects\Project1\Project1_Solutoin\Task2\SincWindowedLut.h(25,60): warning C4305: 'initializing': truncation from 'double' to 'const float'
  (compiling source file 'main.cpp')
  
C:\GithubRepositories\ELEC4622_Work\Projects\Project1\Project1_Solutoin\Task2\SincWindowedLut.h(25,70): warning C4305: 'initializing': truncation from 'double' to 'const float'
  (compiling source file 'main.cpp')
  
C:\GithubRepositories\ELEC4622_Work\Projects\Project1\Project1_Solutoin\Task2\SincWindowedLut.h(25,90): warning C4305: 'initializing': truncation from 'double' to 'const float'
  (compiling source file 'main.cpp')
  
C:\GithubRepositories\ELEC4622_Work\Projects\Project1\Project1_Solutoin\Task2\SincWindowedLut.h(25,99): warning C4305: 'initializing': truncation from 'double' to 'const float'
  (compiling source file 'main.cpp')
  
C:\GithubRepositories\ELEC4622_Work\Projects\Project1\Project1_Solutoin\Task2\SincWindowedLut.h(25,117): warning C4305: 'initializing': truncation from 'double' to 'const float'
  (compiling source file 'main.cpp')
  
C:\GithubRepositories\ELEC4622_Work\Projects\Project1\Project1_Solutoin\Task2\SincWindowedLut.h(25,127): warning C4305: 'initializing': truncation from 'double' to 'const float'
  (compiling source file 'main.cpp')
  
C:\GithubRepositories\ELEC4622_Work\Projects\Project1\Project1_Solutoin\Task2\SincWindowedLut.h(25,147): warning C4305: 'initializing': truncation from 'double' to 'const float'
  (compiling source file 'main.cpp')
  
C:\GithubRepositories\ELEC4622_Work\Projects\Project1\Project1_Solutoin\Task2\SincWindowedLut.h(25,156): warning C4305: 'initializing': truncation from 'double' to 'const float'
  (compiling source file 'main.cpp')
  
C:\GithubRepositories\ELEC4622_Work\Projects\Project1\Project1_Solutoin\Task2\SincWindowedLut.h(25,165): warning C4305: 'initializing': truncation from 'double' to 'const float'
  (compiling source file 'main.cpp')
  
C:\GithubRepositories\ELEC4622_Work\Projects\Project1\Project1_Solutoin\Task2\SincWindowedLut.h(25,174): warning C4305: 'initializing': truncation from 'double' to 'const float'
  (compiling source file 'main.cpp')
  
C:\GithubRepositories\ELEC4622_Work\Projects\Project1\Project1_Solutoin\Task2\SincWindowedLut.h(25,183): warning C4305: 'initializing': truncation from 'double' to 'const float'
  (compiling source file 'main.cpp')
  
C:\GithubRepositories\ELEC4622_Work\Projects\Project1\Project1_Solutoin\Task2\SincWindowedLut.h(25,202): warning C4305: 'initializing': truncation from 'double' to 'const float'
  (compiling source file 'main.cpp')
  
C:\GithubRepositories\ELEC4622_Work\Projects\Project1\Project1_Solutoin\Task2\SincWindowedLut.h(25,212): warning C4305: 'initializing': truncation from 'double' to 'const float'
  (compiling source file 'main.cpp')
  
C:\GithubRepositories\ELEC4622_Work\Projects\Project1\Project1_Solutoin\Task2\SincWindowedLut.h(25,231): warning C4305: 'initializing': truncation from 'double' to 'const float'
  (compiling source file 'main.cpp')
  
C:\GithubRepositories\ELEC4622_Work\Projects\Project1\Project1_Solutoin\Task2\SincWindowedLut.h(25,240): warning C4305: 'initializing': truncation from 'double' to 'const float'
  (compiling source file 'main.cpp')
  
C:\GithubRepositories\ELEC4622_Work\Projects\Project1\Project1_Solutoin\Task2\SincWindowedLut.h(25,259): warning C4305: 'initializing': truncation from 'double' to 'const float'
  (compiling source file 'main.cpp')
  
C:\GithubRepositories\ELEC4622_Work\Projects\Project1\Project1_Solutoin\Task2\SincWindowedLut.h(25,269): warning C4305: 'initializing': truncation from 'double' to 'const float'
  (compiling source file 'main.cpp')
  
C:\GithubRepositories\ELEC4622_Work\Projects\Project1\Project1_Solutoin\Task2\SincWindowedLut.h(26,33): warning C4305: 'initializing': truncation from 'double' to 'const float'
  (compiling source file 'main.cpp')
  
C:\GithubRepositories\ELEC4622_Work\Projects\Project1\Project1_Solutoin\Task2\SincWindowedLut.h(26,51): warning C4305: 'initializing': truncation from 'double' to 'const float'
  (compiling source file 'main.cpp')
  
C:\GithubRepositories\ELEC4622_Work\Projects\Project1\Project1_Solutoin\Task2\SincWindowedLut.h(26,61): warning C4305: 'initializing': truncation from 'double' to 'const float'
  (compiling source file 'main.cpp')
  
C:\GithubRepositories\ELEC4622_Work\Projects\Project1\Project1_Solutoin\Task2\SincWindowedLut.h(26,81): warning C4305: 'initializing': truncation from 'double' to 'const float'
  (compiling source file 'main.cpp')
  
C:\GithubRepositories\ELEC4622_Work\Projects\Project1\Project1_Solutoin\Task2\SincWindowedLut.h(26,90): warning C4305: 'initializing': truncation from 'double' to 'const float'
  (compiling source file 'main.cpp')
  
C:\GithubRepositories\ELEC4622_Work\Projects\Project1\Project1_Solutoin\Task2\SincWindowedLut.h(26,108): warning C4305: 'initializing': truncation from 'double' to 'const float'
  (compiling source file 'main.cpp')
  
C:\GithubRepositories\ELEC4622_Work\Projects\Project1\Project1_Solutoin\Task2\SincWindowedLut.h(26,118): warning C4305: 'initializing': truncation from 'double' to 'const float'
  (compiling source file 'main.cpp')
  
C:\GithubRepositories\ELEC4622_Work\Projects\Project1\Project1_Solutoin\Task2\SincWindowedLut.h(26,138): warning C4305: 'initializing': truncation from 'double' to 'const float'
  (compiling source file 'main.cpp')
  
C:\GithubRepositories\ELEC4622_Work\Projects\Project1\Project1_Solutoin\Task2\SincWindowedLut.h(26,147): warning C4305: 'initializing': truncation from 'double' to 'const float'
  (compiling source file 'main.cpp')
  
C:\GithubRepositories\ELEC4622_Work\Projects\Project1\Project1_Solutoin\Task2\SincWindowedLut.h(26,156): warning C4305: 'initializing': truncation from 'double' to 'const float'
  (compiling source file 'main.cpp')
  
C:\GithubRepositories\ELEC4622_Work\Projects\Project1\Project1_Solutoin\Task2\SincWindowedLut.h(26,165): warning C4305: 'initializing': truncation from 'double' to 'const float'
  (compiling source file 'main.cpp')
  
C:\GithubRepositories\ELEC4622_Work\Projects\Project1\Project1_Solutoin\Task2\SincWindowedLut.h(26,174): warning C4305: 'initializing': truncation from 'double' to 'const float'
  (compiling source file 'main.cpp')
  
C:\GithubRepositories\ELEC4622_Work\Projects\Project1\Project1_Solutoin\Task2\SincWindowedLut.h(26,193): warning C4305: 'initializing': truncation from 'double' to 'const float'
  (compiling source file 'main.cpp')
  
C:\GithubRepositories\ELEC4622_Work\Projects\Project1\Project1_Solutoin\Task2\SincWindowedLut.h(26,203): warning C4305: 'initializing': truncation from 'double' to 'const float'
  (compiling source file 'main.cpp')
  
C:\GithubRepositories\ELEC4622_Work\Projects\Project1\Project1_Solutoin\Task2\SincWindowedLut.h(26,222): warning C4305: 'initializing': truncation from 'double' to 'const float'
  (compiling source file 'main.cpp')
  
C:\GithubRepositories\ELEC4622_Work\Projects\Project1\Project1_Solutoin\Task2\SincWindowedLut.h(26,231): warning C4305: 'initializing': truncation from 'double' to 'const float'
  (compiling source file 'main.cpp')
  
C:\GithubRepositories\ELEC4622_Work\Projects\Project1\Project1_Solutoin\Task2\SincWindowedLut.h(26,250): warning C4305: 'initializing': truncation from 'double' to 'const float'
  (compiling source file 'main.cpp')
  
C:\GithubRepositories\ELEC4622_Work\Projects\Project1\Project1_Solutoin\Task2\SincWindowedLut.h(26,260): warning C4305: 'initializing': truncation from 'double' to 'const float'
  (compiling source file 'main.cpp')
  
C:\GithubRepositories\ELEC4622_Work\Projects\Project1\Project1_Solutoin\Task2\SincWindowedLut.h(27,42): warning C4305: 'initializing': truncation from 'double' to 'const float'
  (compiling source file 'main.cpp')
  
C:\GithubRepositories\ELEC4622_Work\Projects\Project1\Project1_Solutoin\Task2\SincWindowedLut.h(27,52): warning C4305: 'initializing': truncation from 'double' to 'const float'
  (compiling source file 'main.cpp')
  
C:\GithubRepositories\ELEC4622_Work\Projects\Project1\Project1_Solutoin\Task2\SincWindowedLut.h(27,72): warning C4305: 'initializing': truncation from 'double' to 'const float'
  (compiling source file 'main.cpp')
  
C:\GithubRepositories\ELEC4622_Work\Projects\Project1\Project1_Solutoin\Task2\SincWindowedLut.h(27,81): warning C4305: 'initializing': truncation from 'double' to 'const float'
  (compiling source file 'main.cpp')
  
C:\GithubRepositories\ELEC4622_Work\Projects\Project1\Project1_Solutoin\Task2\SincWindowedLut.h(27,99): warning C4305: 'initializing': truncation from 'double' to 'const float'
  (compiling source file 'main.cpp')
  
C:\GithubRepositories\ELEC4622_Work\Projects\Project1\Project1_Solutoin\Task2\SincWindowedLut.h(27,109): warning C4305: 'initializing': truncation from 'double' to 'const float'
  (compiling source file 'main.cpp')
  
C:\GithubRepositories\ELEC4622_Work\Projects\Project1\Project1_Solutoin\Task2\SincWindowedLut.h(27,129): warning C4305: 'initializing': truncation from 'double' to 'const float'
  (compiling source file 'main.cpp')
  
C:\GithubRepositories\ELEC4622_Work\Projects\Project1\Project1_Solutoin\Task2\SincWindowedLut.h(27,138): warning C4305: 'initializing': truncation from 'double' to 'const float'
  (compiling source file 'main.cpp')
  
C:\GithubRepositories\ELEC4622_Work\Projects\Project1\Project1_Solutoin\Task2\SincWindowedLut.h(27,147): warning C4305: 'initializing': truncation from 'double' to 'const float'
  (compiling source file 'main.cpp')
  
C:\GithubRepositories\ELEC4622_Work\Projects\Project1\Project1_Solutoin\Task2\SincWindowedLut.h(27,156): warning C4305: 'initializing': truncation from 'double' to 'const float'
  (compiling source file 'main.cpp')
  
C:\GithubRepositories\ELEC4622_Work\Projects\Project1\Project1_Solutoin\Task2\SincWindowedLut.h(27,165): warning C4305: 'initializing': truncation from 'double' to 'const float'
  (compiling source file 'main.cpp')
  
C:\GithubRepositories\ELEC4622_Work\Projects\Project1\Project1_Solutoin\Task2\SincWindowedLut.h(27,184): warning C4305: 'initializing': truncation from 'double' to 'const float'
  (compiling source file 'main.cpp')
  
C:\GithubRepositories\ELEC4622_Work\Projects\Project1\Project1_Solutoin\Task2\SincWindowedLut.h(27,194): warning C4305: 'initializing': truncation from 'double' to 'const float'
  (compiling source file 'main.cpp')
  
C:\GithubRepositories\ELEC4622_Work\Projects\Project1\Project1_Solutoin\Task2\SincWindowedLut.h(27,213): warning C4305: 'initializing': truncation from 'double' to 'const float'
  (compiling source file 'main.cpp')
  
C:\GithubRepositories\ELEC4622_Work\Projects\Project1\Project1_Solutoin\Task2\SincWindowedLut.h(27,222): warning C4305: 'initializing': truncation from 'double' to 'const float'
  (compiling source file 'main.cpp')
  
C:\GithubRepositories\ELEC4622_Work\Projects\Project1\Project1_Solutoin\Task2\SincWindowedLut.h(27,241): warning C4305: 'initializing': truncation from 'double' to 'const float'
  (compiling source file 'main.cpp')
  
C:\GithubRepositories\ELEC4622_Work\Projects\Project1\Project1_Solutoin\Task2\SincWindowedLut.h(28,33): warning C4305: 'initializing': truncation from 'double' to 'const float'
  (compiling source file 'main.cpp')
  
C:\GithubRepositories\ELEC4622_Work\Projects\Project1\Project1_Solutoin\Task2\SincWindowedLut.h(28,43): warning C4305: 'initializing': truncation from 'double' to 'const float'
  (compiling source file 'main.cpp')
  
C:\GithubRepositories\ELEC4622_Work\Projects\Project1\Project1_Solutoin\Task2\SincWindowedLut.h(28,63): warning C4305: 'initializing': truncation from 'double' to 'const float'
  (compiling source file 'main.cpp')
  
C:\GithubRepositories\ELEC4622_Work\Projects\Project1\Project1_Solutoin\Task2\SincWindowedLut.h(28,72): warning C4305: 'initializing': truncation from 'double' to 'const float'
  (compiling source file 'main.cpp')
  
C:\GithubRepositories\ELEC4622_Work\Projects\Project1\Project1_Solutoin\Task2\SincWindowedLut.h(28,90): warning C4305: 'initializing': truncation from 'double' to 'const float'
  (compiling source file 'main.cpp')
  
C:\GithubRepositories\ELEC4622_Work\Projects\Project1\Project1_Solutoin\Task2\SincWindowedLut.h(28,100): warning C4305: 'initializing': truncation from 'double' to 'const float'
  (compiling source file 'main.cpp')
  
C:\GithubRepositories\ELEC4622_Work\Projects\Project1\Project1_Solutoin\Task2\SincWindowedLut.h(28,120): warning C4305: 'initializing': truncation from 'double' to 'const float'
  (compiling source file 'main.cpp')
  
C:\GithubRepositories\ELEC4622_Work\Projects\Project1\Project1_Solutoin\Task2\SincWindowedLut.h(28,129): warning C4305: 'initializing': truncation from 'double' to 'const float'
  (compiling source file 'main.cpp')
  
C:\GithubRepositories\ELEC4622_Work\Projects\Project1\Project1_Solutoin\Task2\SincWindowedLut.h(28,138): warning C4305: 'initializing': truncation from 'double' to 'const float'
  (compiling source file 'main.cpp')
  
C:\GithubRepositories\ELEC4622_Work\Projects\Project1\Project1_Solutoin\Task2\SincWindowedLut.h(28,147): warning C4305: 'initializing': truncation from 'double' to 'const float'
  (compiling source file 'main.cpp')
  
C:\GithubRepositories\ELEC4622_Work\Projects\Project1\Project1_Solutoin\Task2\SincWindowedLut.h(28,156): warning C4305: 'initializing': truncation from 'double' to 'const float'
  (compiling source file 'main.cpp')
  
C:\GithubRepositories\ELEC4622_Work\Projects\Project1\Project1_Solutoin\Task2\SincWindowedLut.h(28,175): warning C4305: 'initializing': truncation from 'double' to 'const float'
  (compiling source file 'main.cpp')
  
C:\GithubRepositories\ELEC4622_Work\Projects\Project1\Project1_Solutoin\Task2\SincWindowedLut.h(28,185): warning C4305: 'initializing': truncation from 'double' to 'const float'
  (compiling source file 'main.cpp')
  
C:\GithubRepositories\ELEC4622_Work\Projects\Project1\Project1_Solutoin\Task2\SincWindowedLut.h(28,204): warning C4305: 'initializing': truncation from 'double' to 'const float'
  (compiling source file 'main.cpp')
  
C:\GithubRepositories\ELEC4622_Work\Projects\Project1\Project1_Solutoin\Task2\SincWindowedLut.h(28,213): warning C4305: 'initializing': truncation from 'double' to 'const float'
  (compiling source file 'main.cpp')
  
C:\GithubRepositories\ELEC4622_Work\Projects\Project1\Project1_Solutoin\Task2\SincWindowedLut.h(29,32): warning C4305: 'initializing': truncation from 'double' to 'const float'
  (compiling source file 'main.cpp')
  
C:\GithubRepositories\ELEC4622_Work\Projects\Project1\Project1_Solutoin\Task2\SincWindowedLut.h(29,52): warning C4305: 'initializing': truncation from 'double' to 'const float'
  (compiling source file 'main.cpp')
  
C:\GithubRepositories\ELEC4622_Work\Projects\Project1\Project1_Solutoin\Task2\SincWindowedLut.h(29,61): warning C4305: 'initializing': truncation from 'double' to 'const float'
  (compiling source file 'main.cpp')
  
C:\GithubRepositories\ELEC4622_Work\Projects\Project1\Project1_Solutoin\Task2\SincWindowedLut.h(29,79): warning C4305: 'initializing': truncation from 'double' to 'const float'
  (compiling source file 'main.cpp')
  
C:\GithubRepositories\ELEC4622_Work\Projects\Project1\Project1_Solutoin\Task2\SincWindowedLut.h(29,89): warning C4305: 'initializing': truncation from 'double' to 'const float'
  (compiling source file 'main.cpp')
  
C:\GithubRepositories\ELEC4622_Work\Projects\Project1\Project1_Solutoin\Task2\SincWindowedLut.h(29,109): warning C4305: 'initializing': truncation from 'double' to 'const float'
  (compiling source file 'main.cpp')
  
C:\GithubRepositories\ELEC4622_Work\Projects\Project1\Project1_Solutoin\Task2\SincWindowedLut.h(29,118): warning C4305: 'initializing': truncation from 'double' to 'const float'
  (compiling source file 'main.cpp')
  
C:\GithubRepositories\ELEC4622_Work\Projects\Project1\Project1_Solutoin\Task2\SincWindowedLut.h(29,127): warning C4305: 'initializing': truncation from 'double' to 'const float'
  (compiling source file 'main.cpp')
  
C:\GithubRepositories\ELEC4622_Work\Projects\Project1\Project1_Solutoin\Task2\SincWindowedLut.h(29,136): warning C4305: 'initializing': truncation from 'double' to 'const float'
  (compiling source file 'main.cpp')
  
C:\GithubRepositories\ELEC4622_Work\Projects\Project1\Project1_Solutoin\Task2\SincWindowedLut.h(29,145): warning C4305: 'initializing': truncation from 'double' to 'const float'
  (compiling source file 'main.cpp')
  
C:\GithubRepositories\ELEC4622_Work\Projects\Project1\Project1_Solutoin\Task2\SincWindowedLut.h(29,164): warning C4305: 'initializing': truncation from 'double' to 'const float'
  (compiling source file 'main.cpp')
  
C:\GithubRepositories\ELEC4622_Work\Projects\Project1\Project1_Solutoin\Task2\SincWindowedLut.h(29,174): warning C4305: 'initializing': truncation from 'double' to 'const float'
  (compiling source file 'main.cpp')
  
C:\GithubRepositories\ELEC4622_Work\Projects\Project1\Project1_Solutoin\Task2\SincWindowedLut.h(29,193): warning C4305: 'initializing': truncation from 'double' to 'const float'
  (compiling source file 'main.cpp')
  
C:\GithubRepositories\ELEC4622_Work\Projects\Project1\Project1_Solutoin\Task2\SincWindowedLut.h(29,202): warning C4305: 'initializing': truncation from 'double' to 'const float'
  (compiling source file 'main.cpp')
  
C:\GithubRepositories\ELEC4622_Work\Projects\Project1\Project1_Solutoin\Task2\SincWindowedLut.h(30,42): warning C4305: 'initializing': truncation from 'double' to 'const float'
  (compiling source file 'main.cpp')
  
C:\GithubRepositories\ELEC4622_Work\Projects\Project1\Project1_Solutoin\Task2\SincWindowedLut.h(30,51): warning C4305: 'initializing': truncation from 'double' to 'const float'
  (compiling source file 'main.cpp')
  
C:\GithubRepositories\ELEC4622_Work\Projects\Project1\Project1_Solutoin\Task2\SincWindowedLut.h(30,69): warning C4305: 'initializing': truncation from 'double' to 'const float'
  (compiling source file 'main.cpp')
  
C:\GithubRepositories\ELEC4622_Work\Projects\Project1\Project1_Solutoin\Task2\SincWindowedLut.h(30,79): warning C4305: 'initializing': truncation from 'double' to 'const float'
  (compiling source file 'main.cpp')
  
C:\GithubRepositories\ELEC4622_Work\Projects\Project1\Project1_Solutoin\Task2\SincWindowedLut.h(30,99): warning C4305: 'initializing': truncation from 'double' to 'const float'
  (compiling source file 'main.cpp')
  
C:\GithubRepositories\ELEC4622_Work\Projects\Project1\Project1_Solutoin\Task2\SincWindowedLut.h(30,108): warning C4305: 'initializing': truncation from 'double' to 'const float'
  (compiling source file 'main.cpp')
  
C:\GithubRepositories\ELEC4622_Work\Projects\Project1\Project1_Solutoin\Task2\SincWindowedLut.h(30,117): warning C4305: 'initializing': truncation from 'double' to 'const float'
  (compiling source file 'main.cpp')
  
C:\GithubRepositories\ELEC4622_Work\Projects\Project1\Project1_Solutoin\Task2\SincWindowedLut.h(30,126): warning C4305: 'initializing': truncation from 'double' to 'const float'
  (compiling source file 'main.cpp')
  
C:\GithubRepositories\ELEC4622_Work\Projects\Project1\Project1_Solutoin\Task2\SincWindowedLut.h(30,135): warning C4305: 'initializing': truncation from 'double' to 'const float'
  (compiling source file 'main.cpp')
  
C:\GithubRepositories\ELEC4622_Work\Projects\Project1\Project1_Solutoin\Task2\SincWindowedLut.h(30,154): warning C4305: 'initializing': truncation from 'double' to 'const float'
  (compiling source file 'main.cpp')
  
C:\GithubRepositories\ELEC4622_Work\Projects\Project1\Project1_Solutoin\Task2\SincWindowedLut.h(30,164): warning C4305: 'initializing': truncation from 'double' to 'const float'
  (compiling source file 'main.cpp')
  
C:\GithubRepositories\ELEC4622_Work\Projects\Project1\Project1_Solutoin\Task2\SincWindowedLut.h(30,183): warning C4305: 'initializing': truncation from 'double' to 'const float'
  (compiling source file 'main.cpp')
  
C:\GithubRepositories\ELEC4622_Work\Projects\Project1\Project1_Solutoin\Task2\SincWindowedLut.h(31,32): warning C4305: 'initializing': truncation from 'double' to 'const float'
  (compiling source file 'main.cpp')
  
C:\GithubRepositories\ELEC4622_Work\Projects\Project1\Project1_Solutoin\Task2\SincWindowedLut.h(31,41): warning C4305: 'initializing': truncation from 'double' to 'const float'
  (compiling source file 'main.cpp')
  
C:\GithubRepositories\ELEC4622_Work\Projects\Project1\Project1_Solutoin\Task2\SincWindowedLut.h(31,59): warning C4305: 'initializing': truncation from 'double' to 'const float'
  (compiling source file 'main.cpp')
  
C:\GithubRepositories\ELEC4622_Work\Projects\Project1\Project1_Solutoin\Task2\SincWindowedLut.h(31,69): warning C4305: 'initializing': truncation from 'double' to 'const float'
  (compiling source file 'main.cpp')
  
C:\GithubRepositories\ELEC4622_Work\Projects\Project1\Project1_Solutoin\Task2\SincWindowedLut.h(31,89): warning C4305: 'initializing': truncation from 'double' to 'const float'
  (compiling source file 'main.cpp')
  
C:\GithubRepositories\ELEC4622_Work\Projects\Project1\Project1_Solutoin\Task2\SincWindowedLut.h(31,98): warning C4305: 'initializing': truncation from 'double' to 'const float'
  (compiling source file 'main.cpp')
  
C:\GithubRepositories\ELEC4622_Work\Projects\Project1\Project1_Solutoin\Task2\SincWindowedLut.h(31,107): warning C4305: 'initializing': truncation from 'double' to 'const float'
  (compiling source file 'main.cpp')
  
C:\GithubRepositories\ELEC4622_Work\Projects\Project1\Project1_Solutoin\Task2\SincWindowedLut.h(31,116): warning C4305: 'initializing': truncation from 'double' to 'const float'
  (compiling source file 'main.cpp')
  
C:\GithubRepositories\ELEC4622_Work\Projects\Project1\Project1_Solutoin\Task2\SincWindowedLut.h(31,125): warning C4305: 'initializing': truncation from 'double' to 'const float'
  (compiling source file 'main.cpp')
  
C:\GithubRepositories\ELEC4622_Work\Projects\Project1\Project1_Solutoin\Task2\SincWindowedLut.h(31,144): warning C4305: 'initializing': truncation from 'double' to 'const float'
  (compiling source file 'main.cpp')
  
C:\GithubRepositories\ELEC4622_Work\Projects\Project1\Project1_Solutoin\Task2\SincWindowedLut.h(31,154): warning C4305: 'initializing': truncation from 'double' to 'const float'
  (compiling source file 'main.cpp')
  
C:\GithubRepositories\ELEC4622_Work\Projects\Project1\Project1_Solutoin\Task2\SincWindowedLut.h(32,32): warning C4305: 'initializing': truncation from 'double' to 'const float'
  (compiling source file 'main.cpp')
  
C:\GithubRepositories\ELEC4622_Work\Projects\Project1\Project1_Solutoin\Task2\SincWindowedLut.h(32,50): warning C4305: 'initializing': truncation from 'double' to 'const float'
  (compiling source file 'main.cpp')
  
C:\GithubRepositories\ELEC4622_Work\Projects\Project1\Project1_Solutoin\Task2\SincWindowedLut.h(32,60): warning C4305: 'initializing': truncation from 'double' to 'const float'
  (compiling source file 'main.cpp')
  
C:\GithubRepositories\ELEC4622_Work\Projects\Project1\Project1_Solutoin\Task2\SincWindowedLut.h(32,80): warning C4305: 'initializing': truncation from 'double' to 'const float'
  (compiling source file 'main.cpp')
  
C:\GithubRepositories\ELEC4622_Work\Projects\Project1\Project1_Solutoin\Task2\SincWindowedLut.h(32,89): warning C4305: 'initializing': truncation from 'double' to 'const float'
  (compiling source file 'main.cpp')
  
C:\GithubRepositories\ELEC4622_Work\Projects\Project1\Project1_Solutoin\Task2\SincWindowedLut.h(32,98): warning C4305: 'initializing': truncation from 'double' to 'const float'
  (compiling source file 'main.cpp')
  
C:\GithubRepositories\ELEC4622_Work\Projects\Project1\Project1_Solutoin\Task2\SincWindowedLut.h(32,107): warning C4305: 'initializing': truncation from 'double' to 'const float'
  (compiling source file 'main.cpp')
  
C:\GithubRepositories\ELEC4622_Work\Projects\Project1\Project1_Solutoin\Task2\SincWindowedLut.h(32,116): warning C4305: 'initializing': truncation from 'double' to 'const float'
  (compiling source file 'main.cpp')
  
C:\GithubRepositories\ELEC4622_Work\Projects\Project1\Project1_Solutoin\Task2\SincWindowedLut.h(32,135): warning C4305: 'initializing': truncation from 'double' to 'const float'
  (compiling source file 'main.cpp')
  
C:\GithubRepositories\ELEC4622_Work\Projects\Project1\Project1_Solutoin\Task2\SincWindowedLut.h(32,145): warning C4305: 'initializing': truncation from 'double' to 'const float'
  (compiling source file 'main.cpp')
  
C:\GithubRepositories\ELEC4622_Work\Projects\Project1\Project1_Solutoin\Task2\SincWindowedLut.h(33,41): warning C4305: 'initializing': truncation from 'double' to 'const float'
  (compiling source file 'main.cpp')
  
C:\GithubRepositories\ELEC4622_Work\Projects\Project1\Project1_Solutoin\Task2\SincWindowedLut.h(33,51): warning C4305: 'initializing': truncation from 'double' to 'const float'
  (compiling source file 'main.cpp')
  
C:\GithubRepositories\ELEC4622_Work\Projects\Project1\Project1_Solutoin\Task2\SincWindowedLut.h(33,71): warning C4305: 'initializing': truncation from 'double' to 'const float'
  (compiling source file 'main.cpp')
  
C:\GithubRepositories\ELEC4622_Work\Projects\Project1\Project1_Solutoin\Task2\SincWindowedLut.h(33,80): warning C4305: 'initializing': truncation from 'double' to 'const float'
  (compiling source file 'main.cpp')
  
C:\GithubRepositories\ELEC4622_Work\Projects\Project1\Project1_Solutoin\Task2\SincWindowedLut.h(33,89): warning C4305: 'initializing': truncation from 'double' to 'const float'
  (compiling source file 'main.cpp')
  
C:\GithubRepositories\ELEC4622_Work\Projects\Project1\Project1_Solutoin\Task2\SincWindowedLut.h(33,98): warning C4305: 'initializing': truncation from 'double' to 'const float'
  (compiling source file 'main.cpp')
  
C:\GithubRepositories\ELEC4622_Work\Projects\Project1\Project1_Solutoin\Task2\SincWindowedLut.h(33,107): warning C4305: 'initializing': truncation from 'double' to 'const float'
  (compiling source file 'main.cpp')
  
C:\GithubRepositories\ELEC4622_Work\Projects\Project1\Project1_Solutoin\Task2\SincWindowedLut.h(33,126): warning C4305: 'initializing': truncation from 'double' to 'const float'
  (compiling source file 'main.cpp')
  
C:\GithubRepositories\ELEC4622_Work\Projects\Project1\Project1_Solutoin\Task2\SincWindowedLut.h(34,31): warning C4305: 'initializing': truncation from 'double' to 'const float'
  (compiling source file 'main.cpp')
  
C:\GithubRepositories\ELEC4622_Work\Projects\Project1\Project1_Solutoin\Task2\SincWindowedLut.h(34,41): warning C4305: 'initializing': truncation from 'double' to 'const float'
  (compiling source file 'main.cpp')
  
C:\GithubRepositories\ELEC4622_Work\Projects\Project1\Project1_Solutoin\Task2\SincWindowedLut.h(34,61): warning C4305: 'initializing': truncation from 'double' to 'const float'
  (compiling source file 'main.cpp')
  
C:\GithubRepositories\ELEC4622_Work\Projects\Project1\Project1_Solutoin\Task2\SincWindowedLut.h(34,70): warning C4305: 'initializing': truncation from 'double' to 'const float'
  (compiling source file 'main.cpp')
  
C:\GithubRepositories\ELEC4622_Work\Projects\Project1\Project1_Solutoin\Task2\SincWindowedLut.h(34,79): warning C4305: 'initializing': truncation from 'double' to 'const float'
  (compiling source file 'main.cpp')
  
C:\GithubRepositories\ELEC4622_Work\Projects\Project1\Project1_Solutoin\Task2\SincWindowedLut.h(34,88): warning C4305: 'initializing': truncation from 'double' to 'const float'
  (compiling source file 'main.cpp')
  
C:\GithubRepositories\ELEC4622_Work\Projects\Project1\Project1_Solutoin\Task2\SincWindowedLut.h(34,97): warning C4305: 'initializing': truncation from 'double' to 'const float'
  (compiling source file 'main.cpp')
  
C:\GithubRepositories\ELEC4622_Work\Projects\Project1\Project1_Solutoin\Task2\SincWindowedLut.h(35,31): warning C4305: 'initializing': truncation from 'double' to 'const float'
  (compiling source file 'main.cpp')
  
C:\GithubRepositories\ELEC4622_Work\Projects\Project1\Project1_Solutoin\Task2\SincWindowedLut.h(35,51): warning C4305: 'initializing': truncation from 'double' to 'const float'
  (compiling source file 'main.cpp')
  
C:\GithubRepositories\ELEC4622_Work\Projects\Project1\Project1_Solutoin\Task2\SincWindowedLut.h(35,60): warning C4305: 'initializing': truncation from 'double' to 'const float'
  (compiling source file 'main.cpp')
  
C:\GithubRepositories\ELEC4622_Work\Projects\Project1\Project1_Solutoin\Task2\SincWindowedLut.h(35,69): warning C4305: 'initializing': truncation from 'double' to 'const float'
  (compiling source file 'main.cpp')
  
C:\GithubRepositories\ELEC4622_Work\Projects\Project1\Project1_Solutoin\Task2\SincWindowedLut.h(35,78): warning C4305: 'initializing': truncation from 'double' to 'const float'
  (compiling source file 'main.cpp')
  
C:\GithubRepositories\ELEC4622_Work\Projects\Project1\Project1_Solutoin\Task2\SincWindowedLut.h(35,87): warning C4305: 'initializing': truncation from 'double' to 'const float'
  (compiling source file 'main.cpp')
  
C:\GithubRepositories\ELEC4622_Work\Projects\Project1\Project1_Solutoin\Task2\SincWindowedLut.h(36,41): warning C4305: 'initializing': truncation from 'double' to 'const float'
  (compiling source file 'main.cpp')
  
C:\GithubRepositories\ELEC4622_Work\Projects\Project1\Project1_Solutoin\Task2\SincWindowedLut.h(36,50): warning C4305: 'initializing': truncation from 'double' to 'const float'
  (compiling source file 'main.cpp')
  
C:\GithubRepositories\ELEC4622_Work\Projects\Project1\Project1_Solutoin\Task2\SincWindowedLut.h(36,59): warning C4305: 'initializing': truncation from 'double' to 'const float'
  (compiling source file 'main.cpp')
  
C:\GithubRepositories\ELEC4622_Work\Projects\Project1\Project1_Solutoin\Task2\SincWindowedLut.h(36,68): warning C4305: 'initializing': truncation from 'double' to 'const float'
  (compiling source file 'main.cpp')
  
C:\GithubRepositories\ELEC4622_Work\Projects\Project1\Project1_Solutoin\Task2\SincWindowedLut.h(37,31): warning C4305: 'initializing': truncation from 'double' to 'const float'
  (compiling source file 'main.cpp')
  
C:\GithubRepositories\ELEC4622_Work\Projects\Project1\Project1_Solutoin\Task2\SincWindowedLut.h(37,40): warning C4305: 'initializing': truncation from 'double' to 'const float'
  (compiling source file 'main.cpp')
  
C:\GithubRepositories\ELEC4622_Work\Projects\Project1\Project1_Solutoin\Task2\SincWindowedLut.h(38,31): warning C4305: 'initializing': truncation from 'double' to 'const float'
  (compiling source file 'main.cpp')
  
C:\GithubRepositories\ELEC4622_Work\Projects\Project1\Project1_Solutoin\Task2\main.cpp(123,27): warning C4305: 'initializing': truncation from 'double' to 'float'
C:\GithubRepositories\ELEC4622_Work\Projects\Project1\Project1_Solutoin\Task2\main.cpp(177,100): warning C4244: '=': conversion from 'double' to 'float', possible loss of data
C:\GithubRepositories\ELEC4622_Work\Projects\Project1\Project1_Solutoin\Task2\main.cpp(190,130): warning C4244: '=': conversion from 'double' to 'float', possible loss of data
  Task2.vcxproj -> C:\GithubRepositories\ELEC4622_Work\Projects\Project1\bin\Project1_Task2.exe
